Compiling the C compiler identification source file "CMakeCCompilerId.c" failed.
Compiler: /usr/bin/cc 
Build flags: ;-;Wall
Id flags:  

The output was:
1
cc: error: -E or -x required when input is from standard input


Compiling the C compiler identification source file "CMakeCCompilerId.c" failed.
Compiler: /usr/bin/cc 
Build flags: ;-;Wall
Id flags: -c 

The output was:
1
cc: error: -E or -x required when input is from standard input


Compiling the C compiler identification source file "CMakeCCompilerId.c" failed.
Compiler: /usr/bin/cc 
Build flags: ;-;Wall
Id flags: -Aa 

The output was:
1
cc: error: -E or -x required when input is from standard input
<command-line>: error: missing '(' after predicate


Compiling the C compiler identification source file "CMakeCCompilerId.c" failed.
Compiler: /usr/bin/cc 
Build flags: ;-;Wall
Id flags: -D__CLASSIC_C__ 

The output was:
1
cc: error: -E or -x required when input is from standard input


Compiling the C compiler identification source file "CMakeCCompilerId.c" failed.
Compiler: /usr/bin/cc 
Build flags: ;-;Wall
Id flags: --target=arm-arm-none-eabi;-mcpu=cortex-m3 

The output was:
1
cc: warning: ‘-mcpu=’ is deprecated; use ‘-mtune=’ or ‘-march=’ instead
cc: error: unrecognized command-line option ‘--target=arm-arm-none-eabi’


Compiling the C compiler identification source file "CMakeCCompilerId.c" failed.
Compiler: /usr/bin/cc 
Build flags: ;-;Wall
Id flags: -c;-I__does_not_exist__ 

The output was:
1
cc: error: -E or -x required when input is from standard input


Detecting C compiler ABI info failed to compile with the following output:
Change Dir: /home/kali/Desktop/cybersec/sem1/programowanie/Femsy/FemsyInC/engine/polynomial/build/CMakeFiles/CMakeTmp

Run Build Command(s):/usr/bin/gmake -f Makefile cmTC_99b27/fast && /usr/bin/gmake  -f CMakeFiles/cmTC_99b27.dir/build.make CMakeFiles/cmTC_99b27.dir/build
gmake[1]: Entering directory '/home/kali/Desktop/cybersec/sem1/programowanie/Femsy/FemsyInC/engine/polynomial/build/CMakeFiles/CMakeTmp'
Building C object CMakeFiles/cmTC_99b27.dir/CMakeCCompilerABI.c.o
/usr/bin/cc   - Wall    -v -std=gnu99 -o CMakeFiles/cmTC_99b27.dir/CMakeCCompilerABI.c.o -c /usr/share/cmake-3.22/Modules/CMakeCCompilerABI.c
Using built-in specs.
COLLECT_GCC=/usr/bin/cc
OFFLOAD_TARGET_NAMES=nvptx-none:amdgcn-amdhsa
OFFLOAD_TARGET_DEFAULT=1
Target: x86_64-linux-gnu
Configured with: ../src/configure -v --with-pkgversion='Ubuntu 11.4.0-1ubuntu1~22.04' --with-bugurl=file:///usr/share/doc/gcc-11/README.Bugs --enable-languages=c,ada,c++,go,brig,d,fortran,objc,obj-c++,m2 --prefix=/usr --with-gcc-major-version-only --program-suffix=-11 --program-prefix=x86_64-linux-gnu- --enable-shared --enable-linker-build-id --libexecdir=/usr/lib --without-included-gettext --enable-threads=posix --libdir=/usr/lib --enable-nls --enable-bootstrap --enable-clocale=gnu --enable-libstdcxx-debug --enable-libstdcxx-time=yes --with-default-libstdcxx-abi=new --enable-gnu-unique-object --disable-vtable-verify --enable-plugin --enable-default-pie --with-system-zlib --enable-libphobos-checking=release --with-target-system-zlib=auto --enable-objc-gc=auto --enable-multiarch --disable-werror --enable-cet --with-arch-32=i686 --with-abi=m64 --with-multilib-list=m32,m64,mx32 --enable-multilib --with-tune=generic --enable-offload-targets=nvptx-none=/build/gcc-11-XeT9lY/gcc-11-11.4.0/debian/tmp-nvptx/usr,amdgcn-amdhsa=/build/gcc-11-XeT9lY/gcc-11-11.4.0/debian/tmp-gcn/usr --without-cuda-driver --enable-checking=release --build=x86_64-linux-gnu --host=x86_64-linux-gnu --target=x86_64-linux-gnu --with-build-config=bootstrap-lto-lean --enable-link-serialization=2
Thread model: posix
Supported LTO compression algorithms: zlib zstd
gcc version 11.4.0 (Ubuntu 11.4.0-1ubuntu1~22.04) 
cc: fatal error: cannot specify '-o' with '-c', '-S' or '-E' with multiple files
compilation terminated.
gmake[1]: *** [CMakeFiles/cmTC_99b27.dir/build.make:78: CMakeFiles/cmTC_99b27.dir/CMakeCCompilerABI.c.o] Error 1
gmake[1]: Leaving directory '/home/kali/Desktop/cybersec/sem1/programowanie/Femsy/FemsyInC/engine/polynomial/build/CMakeFiles/CMakeTmp'
gmake: *** [Makefile:127: cmTC_99b27/fast] Error 2




Determining if the C compiler works failed with the following output:
Change Dir: /home/kali/Desktop/cybersec/sem1/programowanie/Femsy/FemsyInC/engine/polynomial/build/CMakeFiles/CMakeTmp

Run Build Command(s):/usr/bin/gmake -f Makefile cmTC_9a7f6/fast && /usr/bin/gmake  -f CMakeFiles/cmTC_9a7f6.dir/build.make CMakeFiles/cmTC_9a7f6.dir/build
gmake[1]: Entering directory '/home/kali/Desktop/cybersec/sem1/programowanie/Femsy/FemsyInC/engine/polynomial/build/CMakeFiles/CMakeTmp'
Building C object CMakeFiles/cmTC_9a7f6.dir/testCCompiler.c.o
/usr/bin/cc   - Wall  -std=gnu99 -o CMakeFiles/cmTC_9a7f6.dir/testCCompiler.c.o -c /home/kali/Desktop/cybersec/sem1/programowanie/Femsy/FemsyInC/engine/polynomial/build/CMakeFiles/CMakeTmp/testCCompiler.c
cc: fatal error: cannot specify ‘-o’ with ‘-c’, ‘-S’ or ‘-E’ with multiple files
compilation terminated.
gmake[1]: *** [CMakeFiles/cmTC_9a7f6.dir/build.make:78: CMakeFiles/cmTC_9a7f6.dir/testCCompiler.c.o] Error 1
gmake[1]: Leaving directory '/home/kali/Desktop/cybersec/sem1/programowanie/Femsy/FemsyInC/engine/polynomial/build/CMakeFiles/CMakeTmp'
gmake: *** [Makefile:127: cmTC_9a7f6/fast] Error 2



Compiling the CXX compiler identification source file "CMakeCXXCompilerId.cpp" failed.
Compiler: CMAKE_CXX_COMPILER-NOTFOUND 
Build flags: 
Id flags:  

The output was:
No such file or directory


Compiling the CXX compiler identification source file "CMakeCXXCompilerId.cpp" failed.
Compiler: CMAKE_CXX_COMPILER-NOTFOUND 
Build flags: 
Id flags: -c 

The output was:
No such file or directory


Compiling the CXX compiler identification source file "CMakeCXXCompilerId.cpp" failed.
Compiler: CMAKE_CXX_COMPILER-NOTFOUND 
Build flags: 
Id flags: --c++ 

The output was:
No such file or directory


Compiling the CXX compiler identification source file "CMakeCXXCompilerId.cpp" failed.
Compiler: CMAKE_CXX_COMPILER-NOTFOUND 
Build flags: 
Id flags: --ec++ 

The output was:
No such file or directory


Compiling the CXX compiler identification source file "CMakeCXXCompilerId.cpp" failed.
Compiler: CMAKE_CXX_COMPILER-NOTFOUND 
Build flags: 
Id flags: --target=arm-arm-none-eabi;-mcpu=cortex-m3 

The output was:
No such file or directory


Compiling the CXX compiler identification source file "CMakeCXXCompilerId.cpp" failed.
Compiler: CMAKE_CXX_COMPILER-NOTFOUND 
Build flags: 
Id flags: -c;-I__does_not_exist__ 

The output was:
No such file or directory


Compiling the CXX compiler identification source file "CMakeCXXCompilerId.cpp" failed.
Compiler: CMAKE_CXX_COMPILER-NOTFOUND 
Build flags: 
Id flags:  

The output was:
No such file or directory


Compiling the CXX compiler identification source file "CMakeCXXCompilerId.cpp" failed.
Compiler: CMAKE_CXX_COMPILER-NOTFOUND 
Build flags: 
Id flags: -c 

The output was:
No such file or directory


Compiling the CXX compiler identification source file "CMakeCXXCompilerId.cpp" failed.
Compiler: CMAKE_CXX_COMPILER-NOTFOUND 
Build flags: 
Id flags: --c++ 

The output was:
No such file or directory


Compiling the CXX compiler identification source file "CMakeCXXCompilerId.cpp" failed.
Compiler: CMAKE_CXX_COMPILER-NOTFOUND 
Build flags: 
Id flags: --ec++ 

The output was:
No such file or directory


Compiling the CXX compiler identification source file "CMakeCXXCompilerId.cpp" failed.
Compiler: CMAKE_CXX_COMPILER-NOTFOUND 
Build flags: 
Id flags: --target=arm-arm-none-eabi;-mcpu=cortex-m3 

The output was:
No such file or directory


Compiling the CXX compiler identification source file "CMakeCXXCompilerId.cpp" failed.
Compiler: CMAKE_CXX_COMPILER-NOTFOUND 
Build flags: 
Id flags: -c;-I__does_not_exist__ 

The output was:
No such file or directory


